2025-12-15-00h-57min-38sec: disk : sda 447.1G
2025-12-15-00h-57min-38sec: partition : sda1 1G part /boot/EFI 480K used 1%
2025-12-15-00h-57min-38sec: partition : sda2 1G part /boot 106M used 12%
2025-12-15-00h-57min-38sec: partition : sda4 437.1G 
2025-12-15-00h-57min-38sec: partition : system_volgroup0-lv_root 150G lvm / 18G used 13%
2025-12-15-00h-57min-38sec: partition : system_volgroup0-lv_home 287.1G lvm /home 15G used 6%
2025-12-15-00h-57min-38sec: disk : sdb 298.1G
2025-12-15-00h-57min-38sec: partition : sdb1 298.1G 
2025-12-15-00h-57min-38sec: partition : secdata_volgroup0-lv_secdata 298.1G 
2025-12-15-00h-57min-38sec: disk : sdc 465.8G
2025-12-15-00h-57min-38sec: partition : sdc1 465.8G 
2025-12-15-00h-57min-38sec: partition : data_volgroup0-lv_data 465.7G lvm /data 2.1M used 1%
2025-12-15-00h-57min-38sec: disk : sdd 29.8G
2025-12-15-00h-57min-38sec: partition : sdd1 29.8G 
===============================
2025-12-15-00h-57min-42sec: disk : sda 447.1G
2025-12-15-00h-57min-42sec: partition : sda1 1G part /boot/EFI 480K used 1%
2025-12-15-00h-57min-42sec: partition : sda2 1G part /boot 106M used 12%
2025-12-15-00h-57min-42sec: partition : sda4 437.1G 
2025-12-15-00h-57min-42sec: partition : system_volgroup0-lv_root 150G lvm / 18G used 13%
2025-12-15-00h-57min-43sec: partition : system_volgroup0-lv_home 287.1G lvm /home 15G used 6%
2025-12-15-00h-57min-43sec: disk : sdb 298.1G
2025-12-15-00h-57min-43sec: partition : sdb1 298.1G 
2025-12-15-00h-57min-43sec: partition : secdata_volgroup0-lv_secdata 298.1G 
2025-12-15-00h-57min-43sec: disk : sdc 465.8G
2025-12-15-00h-57min-43sec: partition : sdc1 465.8G 
2025-12-15-00h-57min-43sec: partition : data_volgroup0-lv_data 465.7G lvm /data 2.1M used 1%
2025-12-15-00h-57min-43sec: disk : sdd 29.8G
2025-12-15-00h-57min-43sec: partition : sdd1 29.8G 
===============================
2025-12-15-00h-57min-47sec: disk : sda 447.1G
2025-12-15-00h-57min-47sec: partition : sda1 1G part /boot/EFI 480K used 1%
2025-12-15-00h-57min-47sec: partition : sda2 1G part /boot 106M used 12%
2025-12-15-00h-57min-47sec: partition : sda4 437.1G 
2025-12-15-00h-57min-47sec: partition : system_volgroup0-lv_root 150G lvm / 18G used 13%
2025-12-15-00h-57min-47sec: partition : system_volgroup0-lv_home 287.1G lvm /home 15G used 6%
2025-12-15-00h-57min-47sec: disk : sdb 298.1G
2025-12-15-00h-57min-47sec: partition : sdb1 298.1G 
2025-12-15-00h-57min-47sec: partition : secdata_volgroup0-lv_secdata 298.1G 
2025-12-15-00h-57min-47sec: disk : sdc 465.8G
2025-12-15-00h-57min-47sec: partition : sdc1 465.8G 
2025-12-15-00h-57min-47sec: partition : data_volgroup0-lv_data 465.7G lvm /data 2.1M used 1%
2025-12-15-00h-57min-47sec: disk : sdd 29.8G
2025-12-15-00h-57min-47sec: partition : sdd1 29.8G 
===============================
2025-12-15-00h-57min-51sec: disk : sda 447.1G
2025-12-15-00h-57min-51sec: partition : sda1 1G part /boot/EFI 480K used 1%
2025-12-15-00h-57min-51sec: partition : sda2 1G part /boot 106M used 12%
2025-12-15-00h-57min-51sec: partition : sda4 437.1G 
2025-12-15-00h-57min-51sec: partition : system_volgroup0-lv_root 150G lvm / 18G used 13%
2025-12-15-00h-57min-51sec: partition : system_volgroup0-lv_home 287.1G lvm /home 15G used 6%
2025-12-15-00h-57min-51sec: disk : sdb 298.1G
2025-12-15-00h-57min-51sec: partition : sdb1 298.1G 
2025-12-15-00h-57min-51sec: partition : secdata_volgroup0-lv_secdata 298.1G 
2025-12-15-00h-57min-51sec: disk : sdc 465.8G
2025-12-15-00h-57min-51sec: partition : sdc1 465.8G 
2025-12-15-00h-57min-51sec: partition : data_volgroup0-lv_data 465.7G lvm /data 2.1M used 1%
2025-12-15-00h-57min-51sec: disk : sdd 29.8G
2025-12-15-00h-57min-51sec: partition : sdd1 29.8G 
===============================
2025-12-15-00h-57min-56sec: disk : sda 447.1G
2025-12-15-00h-57min-56sec: partition : sda1 1G part /boot/EFI 480K used 1%
2025-12-15-00h-57min-56sec: partition : sda2 1G part /boot 106M used 12%
2025-12-15-00h-57min-56sec: partition : sda4 437.1G 
2025-12-15-00h-57min-56sec: partition : system_volgroup0-lv_root 150G lvm / 18G used 13%
2025-12-15-00h-57min-56sec: partition : system_volgroup0-lv_home 287.1G lvm /home 15G used 6%
2025-12-15-00h-57min-56sec: disk : sdb 298.1G
2025-12-15-00h-57min-56sec: partition : sdb1 298.1G 
2025-12-15-00h-57min-56sec: partition : secdata_volgroup0-lv_secdata 298.1G 
2025-12-15-00h-57min-56sec: disk : sdc 465.8G
2025-12-15-00h-57min-56sec: partition : sdc1 465.8G 
2025-12-15-00h-57min-56sec: partition : data_volgroup0-lv_data 465.7G lvm /data 2.1M used 1%
2025-12-15-00h-57min-56sec: disk : sdd 29.8G
2025-12-15-00h-57min-56sec: partition : sdd1 29.8G 
===============================
2025-12-15-00h-58min-00sec: disk : sda 447.1G
2025-12-15-00h-58min-00sec: partition : sda1 1G part /boot/EFI 480K used 1%
2025-12-15-00h-58min-00sec: partition : sda2 1G part /boot 106M used 12%
2025-12-15-00h-58min-00sec: partition : sda4 437.1G 
2025-12-15-00h-58min-00sec: partition : system_volgroup0-lv_root 150G lvm / 18G used 13%
2025-12-15-00h-58min-00sec: partition : system_volgroup0-lv_home 287.1G lvm /home 15G used 6%
2025-12-15-00h-58min-00sec: disk : sdb 298.1G
2025-12-15-00h-58min-00sec: partition : sdb1 298.1G 
2025-12-15-00h-58min-00sec: partition : secdata_volgroup0-lv_secdata 298.1G 
2025-12-15-00h-58min-00sec: disk : sdc 465.8G
2025-12-15-00h-58min-00sec: partition : sdc1 465.8G 
2025-12-15-00h-58min-00sec: partition : data_volgroup0-lv_data 465.7G lvm /data 2.1M used 1%
2025-12-15-00h-58min-00sec: disk : sdd 29.8G
2025-12-15-00h-58min-00sec: partition : sdd1 29.8G 
===============================
2025-12-15-00h-58min-04sec: disk : sda 447.1G
2025-12-15-00h-58min-04sec: partition : sda1 1G part /boot/EFI 480K used 1%
2025-12-15-00h-58min-04sec: partition : sda2 1G part /boot 106M used 12%
2025-12-15-00h-58min-04sec: partition : sda4 437.1G 
2025-12-15-00h-58min-04sec: partition : system_volgroup0-lv_root 150G lvm / 18G used 13%
2025-12-15-00h-58min-04sec: partition : system_volgroup0-lv_home 287.1G lvm /home 15G used 6%
2025-12-15-00h-58min-04sec: disk : sdb 298.1G
2025-12-15-00h-58min-04sec: partition : sdb1 298.1G 
2025-12-15-00h-58min-04sec: partition : secdata_volgroup0-lv_secdata 298.1G 
2025-12-15-00h-58min-04sec: disk : sdc 465.8G
2025-12-15-00h-58min-04sec: partition : sdc1 465.8G 
2025-12-15-00h-58min-04sec: partition : data_volgroup0-lv_data 465.7G lvm /data 2.1M used 1%
2025-12-15-00h-58min-04sec: disk : sdd 29.8G
2025-12-15-00h-58min-04sec: partition : sdd1 29.8G 
===============================
2025-12-15-00h-58min-09sec: disk : sda 447.1G
2025-12-15-00h-58min-09sec: partition : sda1 1G part /boot/EFI 480K used 1%
2025-12-15-00h-58min-09sec: partition : sda2 1G part /boot 106M used 12%
2025-12-15-00h-58min-09sec: partition : sda4 437.1G 
2025-12-15-00h-58min-09sec: partition : system_volgroup0-lv_root 150G lvm / 18G used 13%
2025-12-15-00h-58min-09sec: partition : system_volgroup0-lv_home 287.1G lvm /home 15G used 6%
2025-12-15-00h-58min-09sec: disk : sdb 298.1G
2025-12-15-00h-58min-09sec: partition : sdb1 298.1G 
2025-12-15-00h-58min-09sec: partition : secdata_volgroup0-lv_secdata 298.1G 
2025-12-15-00h-58min-09sec: disk : sdc 465.8G
2025-12-15-00h-58min-09sec: partition : sdc1 465.8G 
2025-12-15-00h-58min-09sec: partition : data_volgroup0-lv_data 465.7G lvm /data 2.1M used 1%
2025-12-15-00h-58min-09sec: disk : sdd 29.8G
2025-12-15-00h-58min-09sec: partition : sdd1 29.8G 
===============================
2025-12-15-00h-58min-13sec: disk : sda 447.1G
2025-12-15-00h-58min-13sec: partition : sda1 1G part /boot/EFI 480K used 1%
2025-12-15-00h-58min-13sec: partition : sda2 1G part /boot 106M used 12%
2025-12-15-00h-58min-13sec: partition : sda4 437.1G 
2025-12-15-00h-58min-13sec: partition : system_volgroup0-lv_root 150G lvm / 18G used 13%
2025-12-15-00h-58min-13sec: partition : system_volgroup0-lv_home 287.1G lvm /home 15G used 6%
2025-12-15-00h-58min-13sec: disk : sdb 298.1G
2025-12-15-00h-58min-13sec: partition : sdb1 298.1G 
2025-12-15-00h-58min-13sec: partition : secdata_volgroup0-lv_secdata 298.1G 
2025-12-15-00h-58min-13sec: disk : sdc 465.8G
2025-12-15-00h-58min-13sec: partition : sdc1 465.8G 
2025-12-15-00h-58min-13sec: partition : data_volgroup0-lv_data 465.7G lvm /data 2.1M used 1%
2025-12-15-00h-58min-13sec: disk : sdd 29.8G
2025-12-15-00h-58min-13sec: partition : sdd1 29.8G 
===============================
2025-12-15-00h-58min-17sec: disk : sda 447.1G
2025-12-15-00h-58min-17sec: partition : sda1 1G part /boot/EFI 480K used 1%
2025-12-15-00h-58min-17sec: partition : sda2 1G part /boot 106M used 12%
2025-12-15-00h-58min-17sec: partition : sda4 437.1G 
2025-12-15-00h-58min-17sec: partition : system_volgroup0-lv_root 150G lvm / 18G used 13%
2025-12-15-00h-58min-17sec: partition : system_volgroup0-lv_home 287.1G lvm /home 15G used 6%
2025-12-15-00h-58min-17sec: disk : sdb 298.1G
2025-12-15-00h-58min-17sec: partition : sdb1 298.1G 
2025-12-15-00h-58min-17sec: partition : secdata_volgroup0-lv_secdata 298.1G 
2025-12-15-00h-58min-17sec: disk : sdc 465.8G
2025-12-15-00h-58min-17sec: partition : sdc1 465.8G 
2025-12-15-00h-58min-17sec: partition : data_volgroup0-lv_data 465.7G lvm /data 2.1M used 1%
2025-12-15-00h-58min-17sec: disk : sdd 29.8G
2025-12-15-00h-58min-17sec: partition : sdd1 29.8G 
===============================
2025-12-15-00h-58min-22sec: disk : sda 447.1G
2025-12-15-00h-58min-22sec: partition : sda1 1G part /boot/EFI 480K used 1%
2025-12-15-00h-58min-22sec: partition : sda2 1G part /boot 106M used 12%
2025-12-15-00h-58min-22sec: partition : sda4 437.1G 
2025-12-15-00h-58min-22sec: partition : system_volgroup0-lv_root 150G lvm / 18G used 13%
2025-12-15-00h-58min-22sec: partition : system_volgroup0-lv_home 287.1G lvm /home 15G used 6%
2025-12-15-00h-58min-22sec: disk : sdb 298.1G
2025-12-15-00h-58min-22sec: partition : sdb1 298.1G 
2025-12-15-00h-58min-22sec: partition : secdata_volgroup0-lv_secdata 298.1G 
2025-12-15-00h-58min-22sec: disk : sdc 465.8G
2025-12-15-00h-58min-22sec: partition : sdc1 465.8G 
2025-12-15-00h-58min-22sec: partition : data_volgroup0-lv_data 465.7G lvm /data 2.1M used 1%
2025-12-15-00h-58min-22sec: disk : sdd 29.8G
2025-12-15-00h-58min-22sec: partition : sdd1 29.8G 
===============================
2025-12-15-00h-58min-26sec: disk : sda 447.1G
2025-12-15-00h-58min-26sec: partition : sda1 1G part /boot/EFI 480K used 1%
2025-12-15-00h-58min-26sec: partition : sda2 1G part /boot 106M used 12%
2025-12-15-00h-58min-26sec: partition : sda4 437.1G 
2025-12-15-00h-58min-26sec: partition : system_volgroup0-lv_root 150G lvm / 18G used 13%
2025-12-15-00h-58min-26sec: partition : system_volgroup0-lv_home 287.1G lvm /home 15G used 6%
2025-12-15-00h-58min-26sec: disk : sdb 298.1G
2025-12-15-00h-58min-26sec: partition : sdb1 298.1G 
2025-12-15-00h-58min-26sec: partition : secdata_volgroup0-lv_secdata 298.1G 
2025-12-15-00h-58min-26sec: disk : sdc 465.8G
2025-12-15-00h-58min-26sec: partition : sdc1 465.8G 
2025-12-15-00h-58min-26sec: partition : data_volgroup0-lv_data 465.7G lvm /data 2.1M used 1%
2025-12-15-00h-58min-26sec: disk : sdd 29.8G
2025-12-15-00h-58min-26sec: partition : sdd1 29.8G 
===============================
2025-12-15-00h-58min-30sec: disk : sda 447.1G
2025-12-15-00h-58min-30sec: partition : sda1 1G part /boot/EFI 480K used 1%
2025-12-15-00h-58min-30sec: partition : sda2 1G part /boot 106M used 12%
2025-12-15-00h-58min-30sec: partition : sda4 437.1G 
2025-12-15-00h-58min-30sec: partition : system_volgroup0-lv_root 150G lvm / 18G used 13%
2025-12-15-00h-58min-30sec: partition : system_volgroup0-lv_home 287.1G lvm /home 15G used 6%
2025-12-15-00h-58min-30sec: disk : sdb 298.1G
2025-12-15-00h-58min-30sec: partition : sdb1 298.1G 
2025-12-15-00h-58min-30sec: partition : secdata_volgroup0-lv_secdata 298.1G 
2025-12-15-00h-58min-30sec: disk : sdc 465.8G
2025-12-15-00h-58min-30sec: partition : sdc1 465.8G 
2025-12-15-00h-58min-30sec: partition : data_volgroup0-lv_data 465.7G lvm /data 2.1M used 1%
2025-12-15-00h-58min-30sec: disk : sdd 29.8G
2025-12-15-00h-58min-30sec: partition : sdd1 29.8G 
===============================
2025-12-15-00h-58min-34sec: disk : sda 447.1G
2025-12-15-00h-58min-34sec: partition : sda1 1G part /boot/EFI 480K used 1%
2025-12-15-00h-58min-34sec: partition : sda2 1G part /boot 106M used 12%
2025-12-15-00h-58min-34sec: partition : sda4 437.1G 
2025-12-15-00h-58min-35sec: partition : system_volgroup0-lv_root 150G lvm / 18G used 13%
2025-12-15-00h-58min-35sec: partition : system_volgroup0-lv_home 287.1G lvm /home 15G used 6%
2025-12-15-00h-58min-35sec: disk : sdb 298.1G
2025-12-15-00h-58min-35sec: partition : sdb1 298.1G 
2025-12-15-00h-58min-35sec: partition : secdata_volgroup0-lv_secdata 298.1G 
2025-12-15-00h-58min-35sec: disk : sdc 465.8G
2025-12-15-00h-58min-35sec: partition : sdc1 465.8G 
2025-12-15-00h-58min-35sec: partition : data_volgroup0-lv_data 465.7G lvm /data 2.1M used 1%
2025-12-15-00h-58min-35sec: disk : sdd 29.8G
2025-12-15-00h-58min-35sec: partition : sdd1 29.8G 
===============================
2025-12-15-00h-58min-39sec: disk : sda 447.1G
2025-12-15-00h-58min-39sec: partition : sda1 1G part /boot/EFI 480K used 1%
2025-12-15-00h-58min-39sec: partition : sda2 1G part /boot 106M used 12%
2025-12-15-00h-58min-39sec: partition : sda4 437.1G 
2025-12-15-00h-58min-39sec: partition : system_volgroup0-lv_root 150G lvm / 18G used 13%
2025-12-15-00h-58min-39sec: partition : system_volgroup0-lv_home 287.1G lvm /home 15G used 6%
2025-12-15-00h-58min-39sec: disk : sdb 298.1G
2025-12-15-00h-58min-39sec: partition : sdb1 298.1G 
2025-12-15-00h-58min-39sec: partition : secdata_volgroup0-lv_secdata 298.1G 
2025-12-15-00h-58min-39sec: disk : sdc 465.8G
2025-12-15-00h-58min-39sec: partition : sdc1 465.8G 
2025-12-15-00h-58min-39sec: partition : data_volgroup0-lv_data 465.7G lvm /data 2.1M used 1%
2025-12-15-00h-58min-39sec: disk : sdd 29.8G
2025-12-15-00h-58min-39sec: partition : sdd1 29.8G 
===============================
2025-12-15-00h-58min-43sec: disk : sda 447.1G
2025-12-15-00h-58min-43sec: partition : sda1 1G part /boot/EFI 480K used 1%
2025-12-15-00h-58min-43sec: partition : sda2 1G part /boot 106M used 12%
2025-12-15-00h-58min-43sec: partition : sda4 437.1G 
2025-12-15-00h-58min-43sec: partition : system_volgroup0-lv_root 150G lvm / 18G used 13%
2025-12-15-00h-58min-43sec: partition : system_volgroup0-lv_home 287.1G lvm /home 15G used 6%
2025-12-15-00h-58min-43sec: disk : sdb 298.1G
2025-12-15-00h-58min-43sec: partition : sdb1 298.1G 
2025-12-15-00h-58min-43sec: partition : secdata_volgroup0-lv_secdata 298.1G 
2025-12-15-00h-58min-43sec: disk : sdc 465.8G
2025-12-15-00h-58min-43sec: partition : sdc1 465.8G 
2025-12-15-00h-58min-43sec: partition : data_volgroup0-lv_data 465.7G lvm /data 2.1M used 1%
2025-12-15-00h-58min-43sec: disk : sdd 29.8G
2025-12-15-00h-58min-43sec: partition : sdd1 29.8G 
===============================
2025-12-15-00h-58min-47sec: disk : sda 447.1G
2025-12-15-00h-58min-47sec: partition : sda1 1G part /boot/EFI 480K used 1%
2025-12-15-00h-58min-47sec: partition : sda2 1G part /boot 106M used 12%
2025-12-15-00h-58min-47sec: partition : sda4 437.1G 
2025-12-15-00h-58min-47sec: partition : system_volgroup0-lv_root 150G lvm / 18G used 13%
2025-12-15-00h-58min-47sec: partition : system_volgroup0-lv_home 287.1G lvm /home 15G used 6%
2025-12-15-00h-58min-47sec: disk : sdb 298.1G
2025-12-15-00h-58min-47sec: partition : sdb1 298.1G 
2025-12-15-00h-58min-47sec: partition : secdata_volgroup0-lv_secdata 298.1G 
2025-12-15-00h-58min-47sec: disk : sdc 465.8G
2025-12-15-00h-58min-47sec: partition : sdc1 465.8G 
2025-12-15-00h-58min-48sec: partition : data_volgroup0-lv_data 465.7G lvm /data 2.1M used 1%
2025-12-15-00h-58min-48sec: disk : sdd 29.8G
2025-12-15-00h-58min-48sec: partition : sdd1 29.8G 
===============================
2025-12-15-00h-58min-52sec: disk : sda 447.1G
2025-12-15-00h-58min-52sec: partition : sda1 1G part /boot/EFI 480K used 1%
2025-12-15-00h-58min-52sec: partition : sda2 1G part /boot 106M used 12%
2025-12-15-00h-58min-52sec: partition : sda4 437.1G 
2025-12-15-00h-58min-52sec: partition : system_volgroup0-lv_root 150G lvm / 18G used 13%
2025-12-15-00h-58min-52sec: partition : system_volgroup0-lv_home 287.1G lvm /home 15G used 6%
2025-12-15-00h-58min-52sec: disk : sdb 298.1G
2025-12-15-00h-58min-52sec: partition : sdb1 298.1G 
2025-12-15-00h-58min-52sec: partition : secdata_volgroup0-lv_secdata 298.1G 
2025-12-15-00h-58min-52sec: disk : sdc 465.8G
2025-12-15-00h-58min-52sec: partition : sdc1 465.8G 
2025-12-15-00h-58min-52sec: partition : data_volgroup0-lv_data 465.7G lvm /data 2.1M used 1%
2025-12-15-00h-58min-52sec: disk : sdd 29.8G
2025-12-15-00h-58min-52sec: partition : sdd1 29.8G 
===============================
2025-12-15-00h-58min-56sec: disk : sda 447.1G
2025-12-15-00h-58min-56sec: partition : sda1 1G part /boot/EFI 480K used 1%
2025-12-15-00h-58min-56sec: partition : sda2 1G part /boot 106M used 12%
2025-12-15-00h-58min-56sec: partition : sda4 437.1G 
2025-12-15-00h-58min-56sec: partition : system_volgroup0-lv_root 150G lvm / 18G used 13%
2025-12-15-00h-58min-56sec: partition : system_volgroup0-lv_home 287.1G lvm /home 15G used 6%
2025-12-15-00h-58min-56sec: disk : sdb 298.1G
2025-12-15-00h-58min-56sec: partition : sdb1 298.1G 
2025-12-15-00h-58min-56sec: partition : secdata_volgroup0-lv_secdata 298.1G 
2025-12-15-00h-58min-56sec: disk : sdc 465.8G
2025-12-15-00h-58min-56sec: partition : sdc1 465.8G 
2025-12-15-00h-58min-56sec: partition : data_volgroup0-lv_data 465.7G lvm /data 2.1M used 1%
2025-12-15-00h-58min-56sec: disk : sdd 29.8G
2025-12-15-00h-58min-56sec: partition : sdd1 29.8G 
===============================
2025-12-15-00h-59min-01sec: disk : sda 447.1G
2025-12-15-00h-59min-01sec: partition : sda1 1G part /boot/EFI 480K used 1%
2025-12-15-00h-59min-01sec: partition : sda2 1G part /boot 106M used 12%
2025-12-15-00h-59min-01sec: partition : sda4 437.1G 
2025-12-15-00h-59min-01sec: partition : system_volgroup0-lv_root 150G lvm / 18G used 13%
2025-12-15-00h-59min-01sec: partition : system_volgroup0-lv_home 287.1G lvm /home 15G used 6%
2025-12-15-00h-59min-01sec: disk : sdb 298.1G
2025-12-15-00h-59min-01sec: partition : sdb1 298.1G 
2025-12-15-00h-59min-01sec: partition : secdata_volgroup0-lv_secdata 298.1G 
2025-12-15-00h-59min-01sec: disk : sdc 465.8G
2025-12-15-00h-59min-01sec: partition : sdc1 465.8G 
2025-12-15-00h-59min-01sec: partition : data_volgroup0-lv_data 465.7G lvm /data 2.1M used 1%
2025-12-15-00h-59min-01sec: disk : sdd 29.8G
2025-12-15-00h-59min-01sec: partition : sdd1 29.8G 
===============================
2025-12-15-00h-59min-05sec: disk : sda 447.1G
2025-12-15-00h-59min-05sec: partition : sda1 1G part /boot/EFI 480K used 1%
2025-12-15-00h-59min-05sec: partition : sda2 1G part /boot 106M used 12%
2025-12-15-00h-59min-05sec: partition : sda4 437.1G 
2025-12-15-00h-59min-05sec: partition : system_volgroup0-lv_root 150G lvm / 18G used 13%
2025-12-15-00h-59min-05sec: partition : system_volgroup0-lv_home 287.1G lvm /home 15G used 6%
2025-12-15-00h-59min-05sec: disk : sdb 298.1G
2025-12-15-00h-59min-05sec: partition : sdb1 298.1G 
2025-12-15-00h-59min-05sec: partition : secdata_volgroup0-lv_secdata 298.1G 
2025-12-15-00h-59min-05sec: disk : sdc 465.8G
2025-12-15-00h-59min-05sec: partition : sdc1 465.8G 
2025-12-15-00h-59min-05sec: partition : data_volgroup0-lv_data 465.7G lvm /data 2.1M used 1%
2025-12-15-00h-59min-05sec: disk : sdd 29.8G
2025-12-15-00h-59min-05sec: partition : sdd1 29.8G 
===============================
2025-12-15-00h-59min-09sec: disk : sda 447.1G
2025-12-15-00h-59min-09sec: partition : sda1 1G part /boot/EFI 480K used 1%
2025-12-15-00h-59min-09sec: partition : sda2 1G part /boot 106M used 12%
2025-12-15-00h-59min-09sec: partition : sda4 437.1G 
2025-12-15-00h-59min-09sec: partition : system_volgroup0-lv_root 150G lvm / 18G used 13%
2025-12-15-00h-59min-09sec: partition : system_volgroup0-lv_home 287.1G lvm /home 15G used 6%
2025-12-15-00h-59min-09sec: disk : sdb 298.1G
2025-12-15-00h-59min-09sec: partition : sdb1 298.1G 
2025-12-15-00h-59min-09sec: partition : secdata_volgroup0-lv_secdata 298.1G 
2025-12-15-00h-59min-09sec: disk : sdc 465.8G
2025-12-15-00h-59min-09sec: partition : sdc1 465.8G 
2025-12-15-00h-59min-09sec: partition : data_volgroup0-lv_data 465.7G lvm /data 2.1M used 1%
2025-12-15-00h-59min-09sec: disk : sdd 29.8G
2025-12-15-00h-59min-09sec: partition : sdd1 29.8G 
===============================
2025-12-15-00h-59min-14sec: disk : sda 447.1G
2025-12-15-00h-59min-14sec: partition : sda1 1G part /boot/EFI 480K used 1%
2025-12-15-00h-59min-14sec: partition : sda2 1G part /boot 106M used 12%
2025-12-15-00h-59min-14sec: partition : sda4 437.1G 
2025-12-15-00h-59min-14sec: partition : system_volgroup0-lv_root 150G lvm / 18G used 13%
2025-12-15-00h-59min-14sec: partition : system_volgroup0-lv_home 287.1G lvm /home 15G used 6%
2025-12-15-00h-59min-14sec: disk : sdb 298.1G
2025-12-15-00h-59min-14sec: partition : sdb1 298.1G 
2025-12-15-00h-59min-14sec: partition : secdata_volgroup0-lv_secdata 298.1G 
2025-12-15-00h-59min-14sec: disk : sdc 465.8G
2025-12-15-00h-59min-14sec: partition : sdc1 465.8G 
2025-12-15-00h-59min-14sec: partition : data_volgroup0-lv_data 465.7G lvm /data 2.1M used 1%
2025-12-15-00h-59min-14sec: disk : sdd 29.8G
2025-12-15-00h-59min-14sec: partition : sdd1 29.8G 
===============================
2025-12-15-00h-59min-18sec: disk : sda 447.1G
2025-12-15-00h-59min-18sec: partition : sda1 1G part /boot/EFI 480K used 1%
2025-12-15-00h-59min-18sec: partition : sda2 1G part /boot 106M used 12%
2025-12-15-00h-59min-18sec: partition : sda4 437.1G 
2025-12-15-00h-59min-18sec: partition : system_volgroup0-lv_root 150G lvm / 18G used 13%
2025-12-15-00h-59min-18sec: partition : system_volgroup0-lv_home 287.1G lvm /home 15G used 6%
2025-12-15-00h-59min-18sec: disk : sdb 298.1G
2025-12-15-00h-59min-18sec: partition : sdb1 298.1G 
2025-12-15-00h-59min-18sec: partition : secdata_volgroup0-lv_secdata 298.1G 
2025-12-15-00h-59min-18sec: disk : sdc 465.8G
2025-12-15-00h-59min-18sec: partition : sdc1 465.8G 
2025-12-15-00h-59min-18sec: partition : data_volgroup0-lv_data 465.7G lvm /data 2.1M used 1%
2025-12-15-00h-59min-18sec: disk : sdd 29.8G
2025-12-15-00h-59min-18sec: partition : sdd1 29.8G 
===============================
2025-12-15-00h-59min-22sec: disk : sda 447.1G
2025-12-15-00h-59min-22sec: partition : sda1 1G part /boot/EFI 480K used 1%
2025-12-15-00h-59min-22sec: partition : sda2 1G part /boot 106M used 12%
2025-12-15-00h-59min-22sec: partition : sda4 437.1G 
2025-12-15-00h-59min-22sec: partition : system_volgroup0-lv_root 150G lvm / 18G used 13%
2025-12-15-00h-59min-22sec: partition : system_volgroup0-lv_home 287.1G lvm /home 15G used 6%
2025-12-15-00h-59min-22sec: disk : sdb 298.1G
2025-12-15-00h-59min-22sec: partition : sdb1 298.1G 
2025-12-15-00h-59min-22sec: partition : secdata_volgroup0-lv_secdata 298.1G 
2025-12-15-00h-59min-22sec: disk : sdc 465.8G
2025-12-15-00h-59min-22sec: partition : sdc1 465.8G 
2025-12-15-00h-59min-22sec: partition : data_volgroup0-lv_data 465.7G lvm /data 2.1M used 1%
2025-12-15-00h-59min-22sec: disk : sdd 29.8G
2025-12-15-00h-59min-22sec: partition : sdd1 29.8G 
===============================
2025-12-15-00h-59min-27sec: disk : sda 447.1G
2025-12-15-00h-59min-27sec: partition : sda1 1G part /boot/EFI 480K used 1%
2025-12-15-00h-59min-27sec: partition : sda2 1G part /boot 106M used 12%
2025-12-15-00h-59min-27sec: partition : sda4 437.1G 
2025-12-15-00h-59min-27sec: partition : system_volgroup0-lv_root 150G lvm / 18G used 13%
2025-12-15-00h-59min-27sec: partition : system_volgroup0-lv_home 287.1G lvm /home 15G used 6%
2025-12-15-00h-59min-27sec: disk : sdb 298.1G
2025-12-15-00h-59min-27sec: partition : sdb1 298.1G 
2025-12-15-00h-59min-27sec: partition : secdata_volgroup0-lv_secdata 298.1G 
2025-12-15-00h-59min-27sec: disk : sdc 465.8G
2025-12-15-00h-59min-27sec: partition : sdc1 465.8G 
2025-12-15-00h-59min-27sec: partition : data_volgroup0-lv_data 465.7G lvm /data 2.1M used 1%
2025-12-15-00h-59min-27sec: disk : sdd 29.8G
2025-12-15-00h-59min-27sec: partition : sdd1 29.8G 
===============================
2025-12-15-00h-59min-31sec: disk : sda 447.1G
2025-12-15-00h-59min-31sec: partition : sda1 1G part /boot/EFI 480K used 1%
2025-12-15-00h-59min-31sec: partition : sda2 1G part /boot 106M used 12%
2025-12-15-00h-59min-31sec: partition : sda4 437.1G 
2025-12-15-00h-59min-31sec: partition : system_volgroup0-lv_root 150G lvm / 18G used 13%
2025-12-15-00h-59min-31sec: partition : system_volgroup0-lv_home 287.1G lvm /home 15G used 6%
2025-12-15-00h-59min-31sec: disk : sdb 298.1G
2025-12-15-00h-59min-31sec: partition : sdb1 298.1G 
2025-12-15-00h-59min-31sec: partition : secdata_volgroup0-lv_secdata 298.1G 
2025-12-15-00h-59min-31sec: disk : sdc 465.8G
2025-12-15-00h-59min-31sec: partition : sdc1 465.8G 
2025-12-15-00h-59min-31sec: partition : data_volgroup0-lv_data 465.7G lvm /data 2.1M used 1%
2025-12-15-00h-59min-31sec: disk : sdd 29.8G
2025-12-15-00h-59min-31sec: partition : sdd1 29.8G 
===============================
2025-12-15-00h-59min-35sec: disk : sda 447.1G
2025-12-15-00h-59min-35sec: partition : sda1 1G part /boot/EFI 480K used 1%
2025-12-15-00h-59min-35sec: partition : sda2 1G part /boot 106M used 12%
2025-12-15-00h-59min-35sec: partition : sda4 437.1G 
2025-12-15-00h-59min-35sec: partition : system_volgroup0-lv_root 150G lvm / 18G used 13%
2025-12-15-00h-59min-35sec: partition : system_volgroup0-lv_home 287.1G lvm /home 15G used 6%
2025-12-15-00h-59min-35sec: disk : sdb 298.1G
2025-12-15-00h-59min-35sec: partition : sdb1 298.1G 
2025-12-15-00h-59min-35sec: partition : secdata_volgroup0-lv_secdata 298.1G 
2025-12-15-00h-59min-35sec: disk : sdc 465.8G
2025-12-15-00h-59min-35sec: partition : sdc1 465.8G 
2025-12-15-00h-59min-35sec: partition : data_volgroup0-lv_data 465.7G lvm /data 2.1M used 1%
2025-12-15-00h-59min-35sec: disk : sdd 29.8G
2025-12-15-00h-59min-35sec: partition : sdd1 29.8G 
===============================
2025-12-15-00h-59min-40sec: disk : sda 447.1G
2025-12-15-00h-59min-40sec: partition : sda1 1G part /boot/EFI 480K used 1%
2025-12-15-00h-59min-40sec: partition : sda2 1G part /boot 106M used 12%
2025-12-15-00h-59min-40sec: partition : sda4 437.1G 
2025-12-15-00h-59min-40sec: partition : system_volgroup0-lv_root 150G lvm / 18G used 13%
2025-12-15-00h-59min-40sec: partition : system_volgroup0-lv_home 287.1G lvm /home 15G used 6%
2025-12-15-00h-59min-40sec: disk : sdb 298.1G
2025-12-15-00h-59min-40sec: partition : sdb1 298.1G 
2025-12-15-00h-59min-40sec: partition : secdata_volgroup0-lv_secdata 298.1G 
2025-12-15-00h-59min-40sec: disk : sdc 465.8G
2025-12-15-00h-59min-40sec: partition : sdc1 465.8G 
2025-12-15-00h-59min-40sec: partition : data_volgroup0-lv_data 465.7G lvm /data 2.1M used 1%
2025-12-15-00h-59min-40sec: disk : sdd 29.8G
2025-12-15-00h-59min-40sec: partition : sdd1 29.8G 
===============================
2025-12-15-00h-59min-44sec: disk : sda 447.1G
2025-12-15-00h-59min-44sec: partition : sda1 1G part /boot/EFI 480K used 1%
2025-12-15-00h-59min-44sec: partition : sda2 1G part /boot 106M used 12%
2025-12-15-00h-59min-44sec: partition : sda4 437.1G 
2025-12-15-00h-59min-44sec: partition : system_volgroup0-lv_root 150G lvm / 18G used 13%
2025-12-15-00h-59min-44sec: partition : system_volgroup0-lv_home 287.1G lvm /home 15G used 6%
2025-12-15-00h-59min-44sec: disk : sdb 298.1G
2025-12-15-00h-59min-44sec: partition : sdb1 298.1G 
2025-12-15-00h-59min-44sec: partition : secdata_volgroup0-lv_secdata 298.1G 
2025-12-15-00h-59min-44sec: disk : sdc 465.8G
2025-12-15-00h-59min-44sec: partition : sdc1 465.8G 
2025-12-15-00h-59min-44sec: partition : data_volgroup0-lv_data 465.7G lvm /data 2.1M used 1%
2025-12-15-00h-59min-44sec: disk : sdd 29.8G
2025-12-15-00h-59min-44sec: partition : sdd1 29.8G 
===============================
2025-12-15-00h-59min-48sec: disk : sda 447.1G
2025-12-15-00h-59min-48sec: partition : sda1 1G part /boot/EFI 480K used 1%
2025-12-15-00h-59min-48sec: partition : sda2 1G part /boot 106M used 12%
2025-12-15-00h-59min-48sec: partition : sda4 437.1G 
2025-12-15-00h-59min-48sec: partition : system_volgroup0-lv_root 150G lvm / 18G used 13%
2025-12-15-00h-59min-49sec: partition : system_volgroup0-lv_home 287.1G lvm /home 15G used 6%
2025-12-15-00h-59min-49sec: disk : sdb 298.1G
2025-12-15-00h-59min-49sec: partition : sdb1 298.1G 
2025-12-15-00h-59min-49sec: partition : secdata_volgroup0-lv_secdata 298.1G 
2025-12-15-00h-59min-49sec: disk : sdc 465.8G
2025-12-15-00h-59min-49sec: partition : sdc1 465.8G 
2025-12-15-00h-59min-49sec: partition : data_volgroup0-lv_data 465.7G lvm /data 2.1M used 1%
2025-12-15-00h-59min-49sec: disk : sdd 29.8G
2025-12-15-00h-59min-49sec: partition : sdd1 29.8G 
===============================
2025-12-15-00h-59min-53sec: disk : sda 447.1G
2025-12-15-00h-59min-53sec: partition : sda1 1G part /boot/EFI 480K used 1%
2025-12-15-00h-59min-53sec: partition : sda2 1G part /boot 106M used 12%
2025-12-15-00h-59min-53sec: partition : sda4 437.1G 
2025-12-15-00h-59min-53sec: partition : system_volgroup0-lv_root 150G lvm / 18G used 13%
2025-12-15-00h-59min-53sec: partition : system_volgroup0-lv_home 287.1G lvm /home 15G used 6%
2025-12-15-00h-59min-53sec: disk : sdb 298.1G
2025-12-15-00h-59min-53sec: partition : sdb1 298.1G 
2025-12-15-00h-59min-53sec: partition : secdata_volgroup0-lv_secdata 298.1G 
2025-12-15-00h-59min-53sec: disk : sdc 465.8G
2025-12-15-00h-59min-53sec: partition : sdc1 465.8G 
2025-12-15-00h-59min-53sec: partition : data_volgroup0-lv_data 465.7G lvm /data 2.1M used 1%
2025-12-15-00h-59min-53sec: disk : sdd 29.8G
2025-12-15-00h-59min-53sec: partition : sdd1 29.8G 
===============================
2025-12-15-00h-59min-57sec: disk : sda 447.1G
2025-12-15-00h-59min-57sec: partition : sda1 1G part /boot/EFI 480K used 1%
2025-12-15-00h-59min-57sec: partition : sda2 1G part /boot 106M used 12%
2025-12-15-00h-59min-57sec: partition : sda4 437.1G 
2025-12-15-00h-59min-57sec: partition : system_volgroup0-lv_root 150G lvm / 18G used 13%
2025-12-15-00h-59min-57sec: partition : system_volgroup0-lv_home 287.1G lvm /home 15G used 6%
2025-12-15-00h-59min-57sec: disk : sdb 298.1G
2025-12-15-00h-59min-57sec: partition : sdb1 298.1G 
2025-12-15-00h-59min-57sec: partition : secdata_volgroup0-lv_secdata 298.1G 
2025-12-15-00h-59min-57sec: disk : sdc 465.8G
2025-12-15-00h-59min-57sec: partition : sdc1 465.8G 
2025-12-15-00h-59min-57sec: partition : data_volgroup0-lv_data 465.7G lvm /data 2.1M used 1%
2025-12-15-00h-59min-57sec: disk : sdd 29.8G
2025-12-15-00h-59min-57sec: partition : sdd1 29.8G 
===============================
2025-12-15-01h-00min-02sec: disk : sda 447.1G
2025-12-15-01h-00min-02sec: partition : sda1 1G part /boot/EFI 480K used 1%
2025-12-15-01h-00min-02sec: partition : sda2 1G part /boot 106M used 12%
2025-12-15-01h-00min-02sec: partition : sda4 437.1G 
2025-12-15-01h-00min-02sec: partition : system_volgroup0-lv_root 150G lvm / 18G used 13%
2025-12-15-01h-00min-02sec: partition : system_volgroup0-lv_home 287.1G lvm /home 15G used 6%
2025-12-15-01h-00min-02sec: disk : sdb 298.1G
2025-12-15-01h-00min-02sec: partition : sdb1 298.1G 
2025-12-15-01h-00min-02sec: partition : secdata_volgroup0-lv_secdata 298.1G 
2025-12-15-01h-00min-02sec: disk : sdc 465.8G
2025-12-15-01h-00min-02sec: partition : sdc1 465.8G 
2025-12-15-01h-00min-02sec: partition : data_volgroup0-lv_data 465.7G lvm /data 2.1M used 1%
2025-12-15-01h-00min-02sec: disk : sdd 29.8G
2025-12-15-01h-00min-02sec: partition : sdd1 29.8G 
===============================
2025-12-15-01h-00min-06sec: disk : sda 447.1G
2025-12-15-01h-00min-06sec: partition : sda1 1G part /boot/EFI 480K used 1%
2025-12-15-01h-00min-06sec: partition : sda2 1G part /boot 106M used 12%
2025-12-15-01h-00min-06sec: partition : sda4 437.1G 
2025-12-15-01h-00min-06sec: partition : system_volgroup0-lv_root 150G lvm / 18G used 13%
2025-12-15-01h-00min-06sec: partition : system_volgroup0-lv_home 287.1G lvm /home 15G used 6%
2025-12-15-01h-00min-06sec: disk : sdb 298.1G
2025-12-15-01h-00min-06sec: partition : sdb1 298.1G 
2025-12-15-01h-00min-06sec: partition : secdata_volgroup0-lv_secdata 298.1G 
2025-12-15-01h-00min-06sec: disk : sdc 465.8G
2025-12-15-01h-00min-06sec: partition : sdc1 465.8G 
2025-12-15-01h-00min-06sec: partition : data_volgroup0-lv_data 465.7G lvm /data 2.1M used 1%
2025-12-15-01h-00min-06sec: disk : sdd 29.8G
2025-12-15-01h-00min-06sec: partition : sdd1 29.8G 
===============================
