2025-12-15-00h-53min-15sec: disk : sda 447.1G
2025-12-15-00h-53min-15sec: partition : sda1 1G part /boot/EFI 480K used 1%
2025-12-15-00h-53min-15sec: partition : sda2 1G part /boot 106M used 12%
2025-12-15-00h-53min-15sec: partition : sda4 437.1G 
2025-12-15-00h-53min-15sec: partition : system_volgroup0-lv_root 150G lvm / 18G used 13%
2025-12-15-00h-53min-15sec: partition : system_volgroup0-lv_home 287.1G lvm /home 15G used 6%
2025-12-15-00h-53min-15sec: disk : sdb 298.1G
2025-12-15-00h-53min-15sec: partition : sdb1 298.1G 
2025-12-15-00h-53min-15sec: partition : secdata_volgroup0-lv_secdata 298.1G 
2025-12-15-00h-53min-15sec: disk : sdc 465.8G
2025-12-15-00h-53min-15sec: partition : sdc1 465.8G 
2025-12-15-00h-53min-15sec: partition : data_volgroup0-lv_data 465.7G lvm /data 2.1M used 1%
2025-12-15-00h-53min-15sec: disk : sdd 29.8G
2025-12-15-00h-53min-15sec: partition : sdd1 29.8G 
===============================
2025-12-15-00h-53min-19sec: disk : sda 447.1G
2025-12-15-00h-53min-19sec: partition : sda1 1G part /boot/EFI 480K used 1%
2025-12-15-00h-53min-19sec: partition : sda2 1G part /boot 106M used 12%
2025-12-15-00h-53min-19sec: partition : sda4 437.1G 
2025-12-15-00h-53min-19sec: partition : system_volgroup0-lv_root 150G lvm / 18G used 13%
2025-12-15-00h-53min-19sec: partition : system_volgroup0-lv_home 287.1G lvm /home 15G used 6%
2025-12-15-00h-53min-19sec: disk : sdb 298.1G
2025-12-15-00h-53min-19sec: partition : sdb1 298.1G 
2025-12-15-00h-53min-19sec: partition : secdata_volgroup0-lv_secdata 298.1G 
2025-12-15-00h-53min-19sec: disk : sdc 465.8G
2025-12-15-00h-53min-19sec: partition : sdc1 465.8G 
2025-12-15-00h-53min-19sec: partition : data_volgroup0-lv_data 465.7G lvm /data 2.1M used 1%
2025-12-15-00h-53min-19sec: disk : sdd 29.8G
2025-12-15-00h-53min-19sec: partition : sdd1 29.8G 
===============================
2025-12-15-00h-53min-24sec: disk : sda 447.1G
2025-12-15-00h-53min-24sec: partition : sda1 1G part /boot/EFI 480K used 1%
2025-12-15-00h-53min-24sec: partition : sda2 1G part /boot 106M used 12%
2025-12-15-00h-53min-24sec: partition : sda4 437.1G 
2025-12-15-00h-53min-24sec: partition : system_volgroup0-lv_root 150G lvm / 18G used 13%
2025-12-15-00h-53min-24sec: partition : system_volgroup0-lv_home 287.1G lvm /home 15G used 6%
2025-12-15-00h-53min-24sec: disk : sdb 298.1G
2025-12-15-00h-53min-24sec: partition : sdb1 298.1G 
2025-12-15-00h-53min-24sec: partition : secdata_volgroup0-lv_secdata 298.1G 
2025-12-15-00h-53min-24sec: disk : sdc 465.8G
2025-12-15-00h-53min-24sec: partition : sdc1 465.8G 
2025-12-15-00h-53min-24sec: partition : data_volgroup0-lv_data 465.7G lvm /data 2.1M used 1%
2025-12-15-00h-53min-24sec: disk : sdd 29.8G
2025-12-15-00h-53min-24sec: partition : sdd1 29.8G 
===============================
2025-12-15-00h-53min-28sec: disk : sda 447.1G
2025-12-15-00h-53min-28sec: partition : sda1 1G part /boot/EFI 480K used 1%
2025-12-15-00h-53min-28sec: partition : sda2 1G part /boot 106M used 12%
2025-12-15-00h-53min-28sec: partition : sda4 437.1G 
2025-12-15-00h-53min-28sec: partition : system_volgroup0-lv_root 150G lvm / 18G used 13%
2025-12-15-00h-53min-28sec: partition : system_volgroup0-lv_home 287.1G lvm /home 15G used 6%
2025-12-15-00h-53min-28sec: disk : sdb 298.1G
2025-12-15-00h-53min-28sec: partition : sdb1 298.1G 
2025-12-15-00h-53min-28sec: partition : secdata_volgroup0-lv_secdata 298.1G 
2025-12-15-00h-53min-28sec: disk : sdc 465.8G
2025-12-15-00h-53min-28sec: partition : sdc1 465.8G 
2025-12-15-00h-53min-28sec: partition : data_volgroup0-lv_data 465.7G lvm /data 2.1M used 1%
2025-12-15-00h-53min-28sec: disk : sdd 29.8G
2025-12-15-00h-53min-28sec: partition : sdd1 29.8G 
===============================
2025-12-15-00h-53min-32sec: disk : sda 447.1G
2025-12-15-00h-53min-32sec: partition : sda1 1G part /boot/EFI 480K used 1%
2025-12-15-00h-53min-32sec: partition : sda2 1G part /boot 106M used 12%
2025-12-15-00h-53min-32sec: partition : sda4 437.1G 
2025-12-15-00h-53min-32sec: partition : system_volgroup0-lv_root 150G lvm / 18G used 13%
2025-12-15-00h-53min-32sec: partition : system_volgroup0-lv_home 287.1G lvm /home 15G used 6%
2025-12-15-00h-53min-32sec: disk : sdb 298.1G
2025-12-15-00h-53min-32sec: partition : sdb1 298.1G 
2025-12-15-00h-53min-32sec: partition : secdata_volgroup0-lv_secdata 298.1G 
2025-12-15-00h-53min-32sec: disk : sdc 465.8G
2025-12-15-00h-53min-32sec: partition : sdc1 465.8G 
2025-12-15-00h-53min-32sec: partition : data_volgroup0-lv_data 465.7G lvm /data 2.1M used 1%
2025-12-15-00h-53min-32sec: disk : sdd 29.8G
2025-12-15-00h-53min-32sec: partition : sdd1 29.8G 
===============================
2025-12-15-00h-53min-37sec: disk : sda 447.1G
2025-12-15-00h-53min-37sec: partition : sda1 1G part /boot/EFI 480K used 1%
2025-12-15-00h-53min-37sec: partition : sda2 1G part /boot 106M used 12%
2025-12-15-00h-53min-37sec: partition : sda4 437.1G 
2025-12-15-00h-53min-37sec: partition : system_volgroup0-lv_root 150G lvm / 18G used 13%
2025-12-15-00h-53min-37sec: partition : system_volgroup0-lv_home 287.1G lvm /home 15G used 6%
2025-12-15-00h-53min-37sec: disk : sdb 298.1G
2025-12-15-00h-53min-37sec: partition : sdb1 298.1G 
2025-12-15-00h-53min-37sec: partition : secdata_volgroup0-lv_secdata 298.1G 
2025-12-15-00h-53min-37sec: disk : sdc 465.8G
2025-12-15-00h-53min-37sec: partition : sdc1 465.8G 
2025-12-15-00h-53min-37sec: partition : data_volgroup0-lv_data 465.7G lvm /data 2.1M used 1%
2025-12-15-00h-53min-37sec: disk : sdd 29.8G
2025-12-15-00h-53min-37sec: partition : sdd1 29.8G 
===============================
2025-12-15-00h-53min-41sec: disk : sda 447.1G
2025-12-15-00h-53min-41sec: partition : sda1 1G part /boot/EFI 480K used 1%
2025-12-15-00h-53min-41sec: partition : sda2 1G part /boot 106M used 12%
2025-12-15-00h-53min-41sec: partition : sda4 437.1G 
2025-12-15-00h-53min-41sec: partition : system_volgroup0-lv_root 150G lvm / 18G used 13%
2025-12-15-00h-53min-41sec: partition : system_volgroup0-lv_home 287.1G lvm /home 15G used 6%
2025-12-15-00h-53min-41sec: disk : sdb 298.1G
2025-12-15-00h-53min-41sec: partition : sdb1 298.1G 
2025-12-15-00h-53min-41sec: partition : secdata_volgroup0-lv_secdata 298.1G 
2025-12-15-00h-53min-41sec: disk : sdc 465.8G
2025-12-15-00h-53min-41sec: partition : sdc1 465.8G 
2025-12-15-00h-53min-41sec: partition : data_volgroup0-lv_data 465.7G lvm /data 2.1M used 1%
2025-12-15-00h-53min-41sec: disk : sdd 29.8G
2025-12-15-00h-53min-41sec: partition : sdd1 29.8G 
===============================
2025-12-15-00h-53min-45sec: disk : sda 447.1G
2025-12-15-00h-53min-45sec: partition : sda1 1G part /boot/EFI 480K used 1%
2025-12-15-00h-53min-45sec: partition : sda2 1G part /boot 106M used 12%
2025-12-15-00h-53min-45sec: partition : sda4 437.1G 
2025-12-15-00h-53min-45sec: partition : system_volgroup0-lv_root 150G lvm / 18G used 13%
2025-12-15-00h-53min-45sec: partition : system_volgroup0-lv_home 287.1G lvm /home 15G used 6%
2025-12-15-00h-53min-45sec: disk : sdb 298.1G
2025-12-15-00h-53min-45sec: partition : sdb1 298.1G 
2025-12-15-00h-53min-45sec: partition : secdata_volgroup0-lv_secdata 298.1G 
2025-12-15-00h-53min-45sec: disk : sdc 465.8G
2025-12-15-00h-53min-45sec: partition : sdc1 465.8G 
2025-12-15-00h-53min-45sec: partition : data_volgroup0-lv_data 465.7G lvm /data 2.1M used 1%
2025-12-15-00h-53min-45sec: disk : sdd 29.8G
2025-12-15-00h-53min-45sec: partition : sdd1 29.8G 
===============================
2025-12-15-00h-53min-50sec: disk : sda 447.1G
2025-12-15-00h-53min-50sec: partition : sda1 1G part /boot/EFI 480K used 1%
2025-12-15-00h-53min-50sec: partition : sda2 1G part /boot 106M used 12%
2025-12-15-00h-53min-50sec: partition : sda4 437.1G 
2025-12-15-00h-53min-50sec: partition : system_volgroup0-lv_root 150G lvm / 18G used 13%
2025-12-15-00h-53min-50sec: partition : system_volgroup0-lv_home 287.1G lvm /home 15G used 6%
2025-12-15-00h-53min-50sec: disk : sdb 298.1G
2025-12-15-00h-53min-50sec: partition : sdb1 298.1G 
2025-12-15-00h-53min-50sec: partition : secdata_volgroup0-lv_secdata 298.1G 
2025-12-15-00h-53min-50sec: disk : sdc 465.8G
2025-12-15-00h-53min-50sec: partition : sdc1 465.8G 
2025-12-15-00h-53min-50sec: partition : data_volgroup0-lv_data 465.7G lvm /data 2.1M used 1%
2025-12-15-00h-53min-50sec: disk : sdd 29.8G
2025-12-15-00h-53min-50sec: partition : sdd1 29.8G 
===============================
2025-12-15-00h-53min-54sec: disk : sda 447.1G
2025-12-15-00h-53min-54sec: partition : sda1 1G part /boot/EFI 480K used 1%
2025-12-15-00h-53min-54sec: partition : sda2 1G part /boot 106M used 12%
2025-12-15-00h-53min-54sec: partition : sda4 437.1G 
2025-12-15-00h-53min-54sec: partition : system_volgroup0-lv_root 150G lvm / 18G used 13%
2025-12-15-00h-53min-54sec: partition : system_volgroup0-lv_home 287.1G lvm /home 15G used 6%
2025-12-15-00h-53min-54sec: disk : sdb 298.1G
2025-12-15-00h-53min-54sec: partition : sdb1 298.1G 
2025-12-15-00h-53min-54sec: partition : secdata_volgroup0-lv_secdata 298.1G 
2025-12-15-00h-53min-54sec: disk : sdc 465.8G
2025-12-15-00h-53min-54sec: partition : sdc1 465.8G 
2025-12-15-00h-53min-54sec: partition : data_volgroup0-lv_data 465.7G lvm /data 2.1M used 1%
2025-12-15-00h-53min-54sec: disk : sdd 29.8G
2025-12-15-00h-53min-54sec: partition : sdd1 29.8G 
===============================
2025-12-15-00h-53min-58sec: disk : sda 447.1G
2025-12-15-00h-53min-58sec: partition : sda1 1G part /boot/EFI 480K used 1%
2025-12-15-00h-53min-58sec: partition : sda2 1G part /boot 106M used 12%
2025-12-15-00h-53min-58sec: partition : sda4 437.1G 
2025-12-15-00h-53min-58sec: partition : system_volgroup0-lv_root 150G lvm / 18G used 13%
2025-12-15-00h-53min-58sec: partition : system_volgroup0-lv_home 287.1G lvm /home 15G used 6%
2025-12-15-00h-53min-58sec: disk : sdb 298.1G
2025-12-15-00h-53min-58sec: partition : sdb1 298.1G 
2025-12-15-00h-53min-58sec: partition : secdata_volgroup0-lv_secdata 298.1G 
2025-12-15-00h-53min-58sec: disk : sdc 465.8G
2025-12-15-00h-53min-58sec: partition : sdc1 465.8G 
2025-12-15-00h-53min-58sec: partition : data_volgroup0-lv_data 465.7G lvm /data 2.1M used 1%
2025-12-15-00h-53min-58sec: disk : sdd 29.8G
2025-12-15-00h-53min-58sec: partition : sdd1 29.8G 
===============================
2025-12-15-00h-54min-03sec: disk : sda 447.1G
2025-12-15-00h-54min-03sec: partition : sda1 1G part /boot/EFI 480K used 1%
2025-12-15-00h-54min-03sec: partition : sda2 1G part /boot 106M used 12%
2025-12-15-00h-54min-03sec: partition : sda4 437.1G 
2025-12-15-00h-54min-03sec: partition : system_volgroup0-lv_root 150G lvm / 18G used 13%
2025-12-15-00h-54min-03sec: partition : system_volgroup0-lv_home 287.1G lvm /home 15G used 6%
2025-12-15-00h-54min-03sec: disk : sdb 298.1G
2025-12-15-00h-54min-03sec: partition : sdb1 298.1G 
2025-12-15-00h-54min-03sec: partition : secdata_volgroup0-lv_secdata 298.1G 
2025-12-15-00h-54min-03sec: disk : sdc 465.8G
2025-12-15-00h-54min-03sec: partition : sdc1 465.8G 
2025-12-15-00h-54min-03sec: partition : data_volgroup0-lv_data 465.7G lvm /data 2.1M used 1%
2025-12-15-00h-54min-03sec: disk : sdd 29.8G
2025-12-15-00h-54min-03sec: partition : sdd1 29.8G 
===============================
2025-12-15-00h-54min-07sec: disk : sda 447.1G
2025-12-15-00h-54min-07sec: partition : sda1 1G part /boot/EFI 480K used 1%
2025-12-15-00h-54min-07sec: partition : sda2 1G part /boot 106M used 12%
2025-12-15-00h-54min-07sec: partition : sda4 437.1G 
2025-12-15-00h-54min-07sec: partition : system_volgroup0-lv_root 150G lvm / 18G used 13%
2025-12-15-00h-54min-07sec: partition : system_volgroup0-lv_home 287.1G lvm /home 15G used 6%
2025-12-15-00h-54min-07sec: disk : sdb 298.1G
2025-12-15-00h-54min-07sec: partition : sdb1 298.1G 
2025-12-15-00h-54min-07sec: partition : secdata_volgroup0-lv_secdata 298.1G 
2025-12-15-00h-54min-07sec: disk : sdc 465.8G
2025-12-15-00h-54min-07sec: partition : sdc1 465.8G 
2025-12-15-00h-54min-07sec: partition : data_volgroup0-lv_data 465.7G lvm /data 2.1M used 1%
2025-12-15-00h-54min-07sec: disk : sdd 29.8G
2025-12-15-00h-54min-07sec: partition : sdd1 29.8G 
===============================
2025-12-15-00h-54min-11sec: disk : sda 447.1G
2025-12-15-00h-54min-11sec: partition : sda1 1G part /boot/EFI 480K used 1%
2025-12-15-00h-54min-11sec: partition : sda2 1G part /boot 106M used 12%
2025-12-15-00h-54min-11sec: partition : sda4 437.1G 
2025-12-15-00h-54min-11sec: partition : system_volgroup0-lv_root 150G lvm / 18G used 13%
2025-12-15-00h-54min-11sec: partition : system_volgroup0-lv_home 287.1G lvm /home 15G used 6%
2025-12-15-00h-54min-11sec: disk : sdb 298.1G
2025-12-15-00h-54min-11sec: partition : sdb1 298.1G 
2025-12-15-00h-54min-11sec: partition : secdata_volgroup0-lv_secdata 298.1G 
2025-12-15-00h-54min-11sec: disk : sdc 465.8G
2025-12-15-00h-54min-11sec: partition : sdc1 465.8G 
2025-12-15-00h-54min-11sec: partition : data_volgroup0-lv_data 465.7G lvm /data 2.1M used 1%
2025-12-15-00h-54min-11sec: disk : sdd 29.8G
2025-12-15-00h-54min-11sec: partition : sdd1 29.8G 
===============================
2025-12-15-00h-54min-16sec: disk : sda 447.1G
2025-12-15-00h-54min-16sec: partition : sda1 1G part /boot/EFI 480K used 1%
2025-12-15-00h-54min-16sec: partition : sda2 1G part /boot 106M used 12%
2025-12-15-00h-54min-16sec: partition : sda4 437.1G 
2025-12-15-00h-54min-16sec: partition : system_volgroup0-lv_root 150G lvm / 18G used 13%
2025-12-15-00h-54min-16sec: partition : system_volgroup0-lv_home 287.1G lvm /home 15G used 6%
2025-12-15-00h-54min-16sec: disk : sdb 298.1G
2025-12-15-00h-54min-16sec: partition : sdb1 298.1G 
2025-12-15-00h-54min-16sec: partition : secdata_volgroup0-lv_secdata 298.1G 
2025-12-15-00h-54min-16sec: disk : sdc 465.8G
2025-12-15-00h-54min-16sec: partition : sdc1 465.8G 
2025-12-15-00h-54min-16sec: partition : data_volgroup0-lv_data 465.7G lvm /data 2.1M used 1%
2025-12-15-00h-54min-16sec: disk : sdd 29.8G
2025-12-15-00h-54min-16sec: partition : sdd1 29.8G 
===============================
2025-12-15-00h-54min-20sec: disk : sda 447.1G
2025-12-15-00h-54min-20sec: partition : sda1 1G part /boot/EFI 480K used 1%
2025-12-15-00h-54min-20sec: partition : sda2 1G part /boot 106M used 12%
2025-12-15-00h-54min-20sec: partition : sda4 437.1G 
2025-12-15-00h-54min-20sec: partition : system_volgroup0-lv_root 150G lvm / 18G used 13%
2025-12-15-00h-54min-20sec: partition : system_volgroup0-lv_home 287.1G lvm /home 15G used 6%
2025-12-15-00h-54min-20sec: disk : sdb 298.1G
2025-12-15-00h-54min-20sec: partition : sdb1 298.1G 
2025-12-15-00h-54min-20sec: partition : secdata_volgroup0-lv_secdata 298.1G 
2025-12-15-00h-54min-20sec: disk : sdc 465.8G
2025-12-15-00h-54min-20sec: partition : sdc1 465.8G 
2025-12-15-00h-54min-20sec: partition : data_volgroup0-lv_data 465.7G lvm /data 2.1M used 1%
2025-12-15-00h-54min-20sec: disk : sdd 29.8G
2025-12-15-00h-54min-20sec: partition : sdd1 29.8G 
===============================
2025-12-15-00h-54min-24sec: disk : sda 447.1G
2025-12-15-00h-54min-24sec: partition : sda1 1G part /boot/EFI 480K used 1%
2025-12-15-00h-54min-24sec: partition : sda2 1G part /boot 106M used 12%
2025-12-15-00h-54min-24sec: partition : sda4 437.1G 
2025-12-15-00h-54min-24sec: partition : system_volgroup0-lv_root 150G lvm / 18G used 13%
2025-12-15-00h-54min-24sec: partition : system_volgroup0-lv_home 287.1G lvm /home 15G used 6%
2025-12-15-00h-54min-24sec: disk : sdb 298.1G
2025-12-15-00h-54min-24sec: partition : sdb1 298.1G 
2025-12-15-00h-54min-24sec: partition : secdata_volgroup0-lv_secdata 298.1G 
2025-12-15-00h-54min-24sec: disk : sdc 465.8G
2025-12-15-00h-54min-24sec: partition : sdc1 465.8G 
2025-12-15-00h-54min-24sec: partition : data_volgroup0-lv_data 465.7G lvm /data 2.1M used 1%
2025-12-15-00h-54min-24sec: disk : sdd 29.8G
2025-12-15-00h-54min-24sec: partition : sdd1 29.8G 
===============================
2025-12-15-00h-54min-28sec: disk : sda 447.1G
2025-12-15-00h-54min-28sec: partition : sda1 1G part /boot/EFI 480K used 1%
2025-12-15-00h-54min-28sec: partition : sda2 1G part /boot 106M used 12%
2025-12-15-00h-54min-28sec: partition : sda4 437.1G 
2025-12-15-00h-54min-29sec: partition : system_volgroup0-lv_root 150G lvm / 18G used 13%
2025-12-15-00h-54min-29sec: partition : system_volgroup0-lv_home 287.1G lvm /home 15G used 6%
2025-12-15-00h-54min-29sec: disk : sdb 298.1G
2025-12-15-00h-54min-29sec: partition : sdb1 298.1G 
2025-12-15-00h-54min-29sec: partition : secdata_volgroup0-lv_secdata 298.1G 
2025-12-15-00h-54min-29sec: disk : sdc 465.8G
2025-12-15-00h-54min-29sec: partition : sdc1 465.8G 
2025-12-15-00h-54min-29sec: partition : data_volgroup0-lv_data 465.7G lvm /data 2.1M used 1%
2025-12-15-00h-54min-29sec: disk : sdd 29.8G
2025-12-15-00h-54min-29sec: partition : sdd1 29.8G 
===============================
2025-12-15-00h-54min-33sec: disk : sda 447.1G
2025-12-15-00h-54min-33sec: partition : sda1 1G part /boot/EFI 480K used 1%
2025-12-15-00h-54min-33sec: partition : sda2 1G part /boot 106M used 12%
2025-12-15-00h-54min-33sec: partition : sda4 437.1G 
2025-12-15-00h-54min-33sec: partition : system_volgroup0-lv_root 150G lvm / 18G used 13%
2025-12-15-00h-54min-33sec: partition : system_volgroup0-lv_home 287.1G lvm /home 15G used 6%
2025-12-15-00h-54min-33sec: disk : sdb 298.1G
2025-12-15-00h-54min-33sec: partition : sdb1 298.1G 
2025-12-15-00h-54min-33sec: partition : secdata_volgroup0-lv_secdata 298.1G 
2025-12-15-00h-54min-33sec: disk : sdc 465.8G
2025-12-15-00h-54min-33sec: partition : sdc1 465.8G 
2025-12-15-00h-54min-33sec: partition : data_volgroup0-lv_data 465.7G lvm /data 2.1M used 1%
2025-12-15-00h-54min-33sec: disk : sdd 29.8G
2025-12-15-00h-54min-33sec: partition : sdd1 29.8G 
===============================
2025-12-15-00h-54min-37sec: disk : sda 447.1G
2025-12-15-00h-54min-37sec: partition : sda1 1G part /boot/EFI 480K used 1%
2025-12-15-00h-54min-37sec: partition : sda2 1G part /boot 106M used 12%
2025-12-15-00h-54min-37sec: partition : sda4 437.1G 
2025-12-15-00h-54min-37sec: partition : system_volgroup0-lv_root 150G lvm / 18G used 13%
2025-12-15-00h-54min-37sec: partition : system_volgroup0-lv_home 287.1G lvm /home 15G used 6%
2025-12-15-00h-54min-37sec: disk : sdb 298.1G
2025-12-15-00h-54min-37sec: partition : sdb1 298.1G 
2025-12-15-00h-54min-37sec: partition : secdata_volgroup0-lv_secdata 298.1G 
2025-12-15-00h-54min-37sec: disk : sdc 465.8G
2025-12-15-00h-54min-37sec: partition : sdc1 465.8G 
2025-12-15-00h-54min-37sec: partition : data_volgroup0-lv_data 465.7G lvm /data 2.1M used 1%
2025-12-15-00h-54min-37sec: disk : sdd 29.8G
2025-12-15-00h-54min-37sec: partition : sdd1 29.8G 
===============================
2025-12-15-00h-54min-41sec: disk : sda 447.1G
2025-12-15-00h-54min-41sec: partition : sda1 1G part /boot/EFI 480K used 1%
2025-12-15-00h-54min-41sec: partition : sda2 1G part /boot 106M used 12%
2025-12-15-00h-54min-41sec: partition : sda4 437.1G 
2025-12-15-00h-54min-41sec: partition : system_volgroup0-lv_root 150G lvm / 18G used 13%
2025-12-15-00h-54min-41sec: partition : system_volgroup0-lv_home 287.1G lvm /home 15G used 6%
2025-12-15-00h-54min-41sec: disk : sdb 298.1G
2025-12-15-00h-54min-41sec: partition : sdb1 298.1G 
2025-12-15-00h-54min-41sec: partition : secdata_volgroup0-lv_secdata 298.1G 
2025-12-15-00h-54min-41sec: disk : sdc 465.8G
2025-12-15-00h-54min-41sec: partition : sdc1 465.8G 
2025-12-15-00h-54min-41sec: partition : data_volgroup0-lv_data 465.7G lvm /data 2.1M used 1%
2025-12-15-00h-54min-41sec: disk : sdd 29.8G
2025-12-15-00h-54min-41sec: partition : sdd1 29.8G 
===============================
2025-12-15-00h-54min-46sec: disk : sda 447.1G
2025-12-15-00h-54min-46sec: partition : sda1 1G part /boot/EFI 480K used 1%
2025-12-15-00h-54min-46sec: partition : sda2 1G part /boot 106M used 12%
2025-12-15-00h-54min-46sec: partition : sda4 437.1G 
2025-12-15-00h-54min-46sec: partition : system_volgroup0-lv_root 150G lvm / 18G used 13%
2025-12-15-00h-54min-46sec: partition : system_volgroup0-lv_home 287.1G lvm /home 15G used 6%
2025-12-15-00h-54min-46sec: disk : sdb 298.1G
2025-12-15-00h-54min-46sec: partition : sdb1 298.1G 
2025-12-15-00h-54min-46sec: partition : secdata_volgroup0-lv_secdata 298.1G 
2025-12-15-00h-54min-46sec: disk : sdc 465.8G
2025-12-15-00h-54min-46sec: partition : sdc1 465.8G 
2025-12-15-00h-54min-46sec: partition : data_volgroup0-lv_data 465.7G lvm /data 2.1M used 1%
2025-12-15-00h-54min-46sec: disk : sdd 29.8G
2025-12-15-00h-54min-46sec: partition : sdd1 29.8G 
===============================
2025-12-15-00h-54min-50sec: disk : sda 447.1G
2025-12-15-00h-54min-50sec: partition : sda1 1G part /boot/EFI 480K used 1%
2025-12-15-00h-54min-50sec: partition : sda2 1G part /boot 106M used 12%
2025-12-15-00h-54min-50sec: partition : sda4 437.1G 
2025-12-15-00h-54min-50sec: partition : system_volgroup0-lv_root 150G lvm / 18G used 13%
2025-12-15-00h-54min-50sec: partition : system_volgroup0-lv_home 287.1G lvm /home 15G used 6%
2025-12-15-00h-54min-50sec: disk : sdb 298.1G
2025-12-15-00h-54min-50sec: partition : sdb1 298.1G 
2025-12-15-00h-54min-50sec: partition : secdata_volgroup0-lv_secdata 298.1G 
2025-12-15-00h-54min-50sec: disk : sdc 465.8G
2025-12-15-00h-54min-50sec: partition : sdc1 465.8G 
2025-12-15-00h-54min-50sec: partition : data_volgroup0-lv_data 465.7G lvm /data 2.1M used 1%
2025-12-15-00h-54min-50sec: disk : sdd 29.8G
2025-12-15-00h-54min-50sec: partition : sdd1 29.8G 
===============================
2025-12-15-00h-54min-54sec: disk : sda 447.1G
2025-12-15-00h-54min-54sec: partition : sda1 1G part /boot/EFI 480K used 1%
2025-12-15-00h-54min-54sec: partition : sda2 1G part /boot 106M used 12%
2025-12-15-00h-54min-54sec: partition : sda4 437.1G 
2025-12-15-00h-54min-54sec: partition : system_volgroup0-lv_root 150G lvm / 18G used 13%
2025-12-15-00h-54min-54sec: partition : system_volgroup0-lv_home 287.1G lvm /home 15G used 6%
2025-12-15-00h-54min-54sec: disk : sdb 298.1G
2025-12-15-00h-54min-54sec: partition : sdb1 298.1G 
2025-12-15-00h-54min-54sec: partition : secdata_volgroup0-lv_secdata 298.1G 
2025-12-15-00h-54min-54sec: disk : sdc 465.8G
2025-12-15-00h-54min-55sec: partition : sdc1 465.8G 
2025-12-15-00h-54min-55sec: partition : data_volgroup0-lv_data 465.7G lvm /data 2.1M used 1%
2025-12-15-00h-54min-55sec: disk : sdd 29.8G
2025-12-15-00h-54min-55sec: partition : sdd1 29.8G 
===============================
